Using pre-set license
Built from '2021.1/staging' branch; Version is '2021.1.21f1 (f2d5d3c59f8c) revision 15914451'; Using compiler version '192528614'; Build Type 'Release'
OS: 'Windows 10 Education; OS build 18363.1801; Version 1909; 64bit' Language: 'sv' Physical Memory: 16309 MB
BatchMode: 1, IsHumanControllingUs: 0, StartBugReporterOnCrash: 0, Is64bit: 1, IsPro: 0

COMMAND LINE ARGUMENTS:
C:\Program Files\Unity\Hub\Editor\2021.1.21f1\Editor\Unity.exe
-adb2
-batchMode
-noUpm
-name
AssetImportWorker0
-projectPath
C:/Projects/Impossible-Game
-logFile
Logs/AssetImportWorker0.log
-srvPort
62739
Successfully changed project path to: C:/Projects/Impossible-Game
C:/Projects/Impossible-Game
Using Asset Import Pipeline V2.
Refreshing native plugins compatible for Editor in 120.72 ms, found 4 plugins.
Preloading 0 native plugins for Editor in 0.00 ms.
Initialize engine version: 2021.1.21f1 (f2d5d3c59f8c)
[Subsystems] Discovering subsystems at path C:/Program Files/Unity/Hub/Editor/2021.1.21f1/Editor/Data/Resources/UnitySubsystems
[Subsystems] Discovering subsystems at path C:/Projects/Impossible-Game/Assets
GfxDevice: creating device client; threaded=0; jobified=0
Direct3D:
    Version:  Direct3D 11.0 [level 11.1]
    Renderer: NVIDIA GeForce RTX 2060 (ID=0x1f08)
    Vendor:   NVIDIA
    VRAM:     5980 MB
    Driver:   30.0.14.7196
Initialize mono
Mono path[0] = 'C:/Program Files/Unity/Hub/Editor/2021.1.21f1/Editor/Data/Managed'
Mono path[1] = 'C:/Program Files/Unity/Hub/Editor/2021.1.21f1/Editor/Data/MonoBleedingEdge/lib/mono/unityjit'
Mono config path = 'C:/Program Files/Unity/Hub/Editor/2021.1.21f1/Editor/Data/MonoBleedingEdge/etc'
Using monoOptions --debugger-agent=transport=dt_socket,embedding=1,server=y,suspend=n,address=127.0.0.1:56328
Begin MonoManager ReloadAssembly
Registering precompiled unity dll's ...
Register platform support module: C:/Program Files/Unity/Hub/Editor/2021.1.21f1/Editor/Data/PlaybackEngines/WindowsStandaloneSupport/UnityEditor.WindowsStandalone.Extensions.dll
Registered in 0.002191 seconds.
Native extension for WindowsStandalone target not found
Refreshing native plugins compatible for Editor in 120.32 ms, found 4 plugins.
Preloading 0 native plugins for Editor in 0.00 ms.
Mono: successfully reloaded assembly
- Completed reload, in  1.653 seconds
Domain Reload Profiling:
	ReloadAssembly (1654ms)
		BeginReloadAssembly (75ms)
			ExecutionOrderSort (0ms)
			DisableScriptedObjects (0ms)
			BackupInstance (0ms)
			ReleaseScriptingObjects (0ms)
			CreateAndSetChildDomain (1ms)
		EndReloadAssembly (570ms)
			LoadAssemblies (72ms)
			RebuildTransferFunctionScriptingTraits (0ms)
			SetupTypeCache (193ms)
			ReleaseScriptCaches (0ms)
			RebuildScriptCaches (35ms)
			SetupLoadedEditorAssemblies (284ms)
				LogAssemblyErrors (0ms)
				InitializePlatformSupportModulesInManaged (7ms)
				SetLoadedEditorAssemblies (0ms)
				RefreshPlugins (120ms)
				BeforeProcessingInitializeOnLoad (2ms)
				ProcessInitializeOnLoadAttributes (117ms)
				ProcessInitializeOnLoadMethodAttributes (37ms)
				AfterProcessingInitializeOnLoad (0ms)
				EditorAssembliesLoaded (0ms)
			ExecutionOrderSort2 (0ms)
			AwakeInstancesAfterBackupRestoration (0ms)
Platform modules already initialized, skipping
Registering precompiled user dll's ...
Registered in 0.006789 seconds.
Begin MonoManager ReloadAssembly
Symbol file LoadedFromMemory doesn't match image C:\Projects\Impossible-Game\Library\PackageCache\com.unity.visualscripting@1.6.1\Editor\VisualScripting.Core\Dependencies\YamlDotNet\Unity.VisualScripting.YamlDotNet.dll
Symbol file LoadedFromMemory doesn't match image C:\Projects\Impossible-Game\Library\PackageCache\com.unity.visualscripting@1.6.1\Editor\VisualScripting.Core\Dependencies\DotNetZip\Unity.VisualScripting.IonicZip.dll
Native extension for WindowsStandalone target not found
Refreshing native plugins compatible for Editor in 131.61 ms, found 4 plugins.
Preloading 0 native plugins for Editor in 0.00 ms.
Mono: successfully reloaded assembly
- Completed reload, in  1.525 seconds
Domain Reload Profiling:
	ReloadAssembly (1525ms)
		BeginReloadAssembly (186ms)
			ExecutionOrderSort (0ms)
			DisableScriptedObjects (6ms)
			BackupInstance (0ms)
			ReleaseScriptingObjects (0ms)
			CreateAndSetChildDomain (25ms)
		EndReloadAssembly (1264ms)
			LoadAssemblies (117ms)
			RebuildTransferFunctionScriptingTraits (0ms)
			SetupTypeCache (424ms)
			ReleaseScriptCaches (1ms)
			RebuildScriptCaches (63ms)
			SetupLoadedEditorAssemblies (545ms)
				LogAssemblyErrors (0ms)
				InitializePlatformSupportModulesInManaged (5ms)
				SetLoadedEditorAssemblies (0ms)
				RefreshPlugins (132ms)
				BeforeProcessingInitializeOnLoad (102ms)
				ProcessInitializeOnLoadAttributes (277ms)
				ProcessInitializeOnLoadMethodAttributes (20ms)
				AfterProcessingInitializeOnLoad (9ms)
				EditorAssembliesLoaded (0ms)
			ExecutionOrderSort2 (0ms)
			AwakeInstancesAfterBackupRestoration (9ms)
Platform modules already initialized, skipping
========================================================================
Worker process is ready to serve import requests
Launched and connected shader compiler UnityShaderCompiler.exe after 0.07 seconds
Refreshing native plugins compatible for Editor in 1.33 ms, found 4 plugins.
Preloading 0 native plugins for Editor in 0.00 ms.
Unloading 3676 Unused Serialized files (Serialized files now loaded: 0)
System memory in use before: 136.3 MB.
System memory in use after: 136.5 MB.

Unloading 30 unused Assets to reduce memory usage. Loaded Objects now: 4126.
Total: 4.043200 ms (FindLiveObjects: 0.381000 ms CreateObjectMapping: 0.103400 ms MarkObjects: 3.478000 ms  DeleteObjects: 0.079700 ms)

AssetImportParameters requested are different than current active one (requested -> active):
  custom:framework-win-MediaFoundation: 216162199b28c13a410421893ffa2e32 -> 
  custom:video-decoder-ogg-theora: a1e56fd34408186e4bbccfd4996cb3dc -> 
  custom:container-muxer-webm: aa71ff27fc2769a1b78a27578f13a17b -> 
  custom:container-demuxer-webm: 4f35f7cbe854078d1ac9338744f61a02 -> 
  custom:container-demuxer-ogg: 62fdf1f143b41e24485cea50d1cbac27 -> 
  custom:video-encoder-webm-vp8: eb34c28f22e8b96e1ab97ce403110664 -> 
  custom:video-decoder-webm-vp8: 9c59270c3fd7afecdb556c50c9e8de78 -> 
  custom:audio-decoder-ogg-vorbis: bf7c407c2cedff20999df2af8eb42d56 -> 
  custom:audio-encoder-webm-vorbis: bf7c407c2cedff20999df2af8eb42d56 -> 
========================================================================
Received Import Request.
  path: Assets/VisualScripts/Rotaton.asset
  artifactKey: Guid(e6a565b5dd85ee246b3685d2d79c72b4) Importer(815301076,1909f56bfc062723c751e8b465ee728b)
Start importing Assets/VisualScripts/Rotaton.asset using Guid(e6a565b5dd85ee246b3685d2d79c72b4) Importer(815301076,1909f56bfc062723c751e8b465ee728b)  -> (artifact id: 'cd74d10a087e74a03c94035ae656b9ea') in 0.625726 seconds 
========================================================================
Received Import Request.
  Time since last request: 0.000187 seconds.
  path: Assets/VisualScripts
  artifactKey: Guid(0dc08a75095482a4bbcb1fb3ae49994f) Importer(815301076,1909f56bfc062723c751e8b465ee728b)
Start importing Assets/VisualScripts using Guid(0dc08a75095482a4bbcb1fb3ae49994f) Importer(815301076,1909f56bfc062723c751e8b465ee728b)  -> (artifact id: '8f7689962d1f40059a72b03d5b3935a0') in 0.006918 seconds 
========================================================================
Received Import Request.
  Time since last request: 16.332752 seconds.
  path: Assets/VisualScripts/RotateSpeed.asset
  artifactKey: Guid(3294876af8230a04cb72da058d8e696a) Importer(815301076,1909f56bfc062723c751e8b465ee728b)
Start importing Assets/VisualScripts/RotateSpeed.asset using Guid(3294876af8230a04cb72da058d8e696a) Importer(815301076,1909f56bfc062723c751e8b465ee728b)  -> (artifact id: 'a06a4d16fc56cc0eb627bb0e3da830e1') in 0.010808 seconds 
========================================================================
Received Import Request.
  Time since last request: 948.305686 seconds.
  path: Assets/VisualScripts/RotateSpeed.asset
  artifactKey: Guid(3294876af8230a04cb72da058d8e696a) Importer(815301076,1909f56bfc062723c751e8b465ee728b)
Start importing Assets/VisualScripts/RotateSpeed.asset using Guid(3294876af8230a04cb72da058d8e696a) Importer(815301076,1909f56bfc062723c751e8b465ee728b)  -> (artifact id: '3596c7811f35cf5191b7d111fd5692fd') in 0.046605 seconds 
========================================================================
Received Import Request.
  Time since last request: 333.679703 seconds.
  path: Assets/VisualScripts/RotateSpeed.asset
  artifactKey: Guid(3294876af8230a04cb72da058d8e696a) Importer(815301076,1909f56bfc062723c751e8b465ee728b)
Start importing Assets/VisualScripts/RotateSpeed.asset using Guid(3294876af8230a04cb72da058d8e696a) Importer(815301076,1909f56bfc062723c751e8b465ee728b)  -> (artifact id: '8bce91c7b1202c21497bc6899faae1ac') in 0.006168 seconds 
========================================================================
Received Import Request.
  Time since last request: 313.787624 seconds.
  path: Assets/VisualScripts/RotateSpeed.asset
  artifactKey: Guid(3294876af8230a04cb72da058d8e696a) Importer(815301076,1909f56bfc062723c751e8b465ee728b)
Start importing Assets/VisualScripts/RotateSpeed.asset using Guid(3294876af8230a04cb72da058d8e696a) Importer(815301076,1909f56bfc062723c751e8b465ee728b)  -> (artifact id: '11191bdfab2aaf3c0a87c247ab70edc1') in 0.004811 seconds 
